2024-08-08 22:59:25,394 INFO:scl_log:Loading cogs...
2024-08-08 22:59:28,610 INFO:scl_log:Logged in as Showdown Player Bot#0239
2024-08-09 00:12:32,413 INFO:scl_log:Loading cogs...
2024-08-09 00:12:32,547 INFO:scl_log:cogs.events loaded
2024-08-09 00:12:35,961 INFO:scl_log:Logged in as Showdown Player Bot#0239
2024-08-09 00:13:32,122 INFO:scl_log:Loading cogs...
2024-08-09 00:13:32,123 INFO:scl_log:cogs.events loaded
2024-08-09 00:13:35,234 INFO:scl_log:Logged in as Showdown Player Bot#0239
2024-08-09 00:14:57,714 INFO:scl_log:Loading cogs...
2024-08-09 00:14:57,715 INFO:scl_log:cogs.events loaded
2024-08-09 00:15:10,471 INFO:scl_log:Loading cogs...
2024-08-09 00:15:10,472 INFO:scl_log:cogs.events loaded
2024-08-09 00:15:13,919 INFO:scl_log:Logged in as Showdown Player Bot#0239
2024-08-09 00:15:38,474 INFO:scl_log:Loading cogs...
2024-08-09 00:15:39,957 ERROR:scl_log:Error loading cogs.events: Extension 'cogs.events' raised an error: TypeError: name must be an instance of str
2024-08-09 00:15:42,937 INFO:scl_log:Logged in as Showdown Player Bot#0239
2024-08-09 11:11:47,427 INFO:scl_log:TestCog Ready.
2024-08-09 11:28:55,053 INFO:scl_log:TestCog Ready.
2024-08-09 11:30:07,194 INFO:scl_log:TestCog Ready.
2024-08-09 11:38:10,209 INFO:scl_log:Added abusedherjaw (539582214170607626) to database.
2024-08-09 11:38:10,315 INFO:scl_log:Added puddy.12 (496935375181316097) to database.
2024-08-09 11:38:10,424 INFO:scl_log:Added lstarzzl (401870754657861632) to database.
2024-08-09 11:38:10,536 INFO:scl_log:Added .novaszn (240373253242224641) to database.
2024-08-09 11:38:10,655 INFO:scl_log:Added nprospers (1085243878640189505) to database.
2024-08-09 11:38:10,773 INFO:scl_log:Added shinobu_568 (510102220419760142) to database.
2024-08-09 11:38:10,883 INFO:scl_log:Added asahikaizen (818389107175850015) to database.
2024-08-09 11:38:11,005 INFO:scl_log:Added lowtalker77 (269169388010078208) to database.
2024-08-09 11:38:11,110 INFO:scl_log:Added gremmy6677 (805679886852423690) to database.
2024-08-09 11:38:11,217 INFO:scl_log:Added 5sovereign (649369719371202561) to database.
2024-08-09 11:38:11,344 INFO:scl_log:Added ruintv2 (148698721725448192) to database.
2024-08-09 11:38:11,470 INFO:scl_log:Added risky0105 (701010097555374120) to database.
2024-08-09 11:38:11,574 INFO:scl_log:Added .crookedfoot (870899244410757212) to database.
2024-08-09 11:38:11,699 INFO:scl_log:Added otkcam9114 (1051449540923891752) to database.
2024-08-09 11:38:11,814 INFO:scl_log:Added ysiad_ (543615004713418753) to database.
2024-08-09 11:38:11,934 INFO:scl_log:Added .prorex (921262543421468672) to database.
2024-08-09 11:38:12,056 INFO:scl_log:Added tyson5379 (272470293321351169) to database.
2024-08-09 11:38:12,177 INFO:scl_log:Added robbie10 (449739355851063309) to database.
2024-08-09 11:38:12,293 INFO:scl_log:Added mobileflannels1 (707833722849853455) to database.
2024-08-09 11:38:12,427 INFO:scl_log:Added .periph3ry (303671488710705154) to database.
2024-08-09 11:38:12,548 INFO:scl_log:Added fewzenn (409608654661222400) to database.
2024-08-09 11:38:12,669 INFO:scl_log:Added singgentle72069_40718 (1191617512220147733) to database.
2024-08-09 11:38:12,785 INFO:scl_log:Added k1llagh0st (161950474717626369) to database.
2024-08-09 11:38:12,904 INFO:scl_log:Added neoprene6001 (408107460084367360) to database.
2024-08-09 11:38:13,011 INFO:scl_log:Added zeezusx (817478382433861643) to database.
2024-08-09 11:38:13,142 INFO:scl_log:Added itswavxy (702230169829638215) to database.
2024-08-09 11:38:13,279 INFO:scl_log:Added highfi_ (548000758314958848) to database.
2024-08-09 11:38:13,402 INFO:scl_log:Added mystic1443 (1019459675625893918) to database.
2024-08-09 11:38:13,517 INFO:scl_log:Added gravyszn (497895762806439967) to database.
2024-08-09 11:38:13,632 INFO:scl_log:Added cpt.quackz (970173140686749747) to database.
2024-08-09 11:38:13,739 INFO:scl_log:Added cerkka (383808116774666261) to database.
2024-08-09 11:38:13,853 INFO:scl_log:Added disciple_91 (1138698783849459865) to database.
2024-08-09 11:38:13,968 INFO:scl_log:Added pharadise. (1147193741099143168) to database.
2024-08-09 11:38:14,092 INFO:scl_log:Added ii_noxiious_ii (241800242326929419) to database.
2024-08-09 11:38:14,203 INFO:scl_log:Added freaky.him (356468471669719041) to database.
2024-08-09 11:38:14,322 INFO:scl_log:Added dhbvd (152641012794261504) to database.
2024-08-09 11:38:14,441 INFO:scl_log:Added sarte. (814018733516521483) to database.
2024-08-09 11:38:14,557 INFO:scl_log:Added fno_vibeszz (1138526674296786944) to database.
2024-08-09 11:38:14,674 INFO:scl_log:Added mosruh6547 (152930203704885249) to database.
2024-08-09 11:38:14,787 INFO:scl_log:Added bandit_of_chaos (1211390786973990994) to database.
2024-08-09 11:38:14,903 INFO:scl_log:Added jgknown (405070901172895744) to database.
2024-08-09 11:38:15,013 INFO:scl_log:Added marsh313 (756741750130999347) to database.
2024-08-09 11:38:15,137 INFO:scl_log:Added masterbutt22 (1068520487279394887) to database.
2024-08-09 11:38:15,265 INFO:scl_log:Added its_chrispyszn (735281058458763326) to database.
2024-08-09 11:38:15,392 INFO:scl_log:Added ifelloffmap (1183935983532650591) to database.
2024-08-09 11:38:15,508 INFO:scl_log:Added kyoiatp (479468465523261461) to database.
2024-08-09 11:38:15,631 INFO:scl_log:Added .hoodii (471479945361752075) to database.
2024-08-09 11:38:15,747 INFO:scl_log:Added 8362220846136 (1162951211096481872) to database.
2024-08-09 11:38:15,861 INFO:scl_log:Added jrock6032 (818241977568591892) to database.
2024-08-09 11:38:15,980 INFO:scl_log:Added bbreyyy (382403432889319425) to database.
2024-08-09 11:38:16,090 INFO:scl_log:Added yapk3 (1149837373220339732) to database.
2024-08-09 11:38:16,198 INFO:scl_log:Added meezecp (961862240351445063) to database.
2024-08-09 11:38:16,323 INFO:scl_log:Added trapzie (685685987589750847) to database.
2024-08-09 11:38:16,424 INFO:scl_log:Added blissads (691213615121956876) to database.
2024-08-09 11:38:16,539 INFO:scl_log:Added diamondomega (867542534061817936) to database.
2024-08-09 11:38:16,654 INFO:scl_log:Added fatals1 (618304502801367091) to database.
2024-08-09 11:38:16,786 INFO:scl_log:Added to_evade (229071425812692992) to database.
2024-08-09 11:38:16,929 INFO:scl_log:Added gabekun16 (317071673990053889) to database.
2024-08-09 11:38:17,042 INFO:scl_log:Added thenovatars2202 (968039578483175454) to database.
2024-08-09 11:38:17,165 INFO:scl_log:Added calix8225 (234156210650218504) to database.
2024-08-09 11:38:17,290 INFO:scl_log:Added skitzo59 (355115758298071040) to database.
2024-08-09 11:38:17,406 INFO:scl_log:Added mrwest9998 (794243990106013706) to database.
2024-08-09 11:38:17,530 INFO:scl_log:Added skwob (688474799768731674) to database.
2024-08-09 11:38:17,639 INFO:scl_log:Added garzabeatz (306571431360069632) to database.
2024-08-09 11:38:17,760 INFO:scl_log:Added kam_hash (962275627484975104) to database.
2024-08-09 11:38:17,876 INFO:scl_log:Added 2hrd (630487393169965057) to database.
2024-08-09 11:38:18,001 INFO:scl_log:Added kaidmdl (224696608745324544) to database.
2024-08-09 11:38:18,127 INFO:scl_log:Added swayyking (478995362745548845) to database.
2024-08-09 11:38:18,253 INFO:scl_log:Added dak5402 (541669404438560774) to database.
2024-08-09 11:38:18,367 INFO:scl_log:Added laser_clips (556782938340196362) to database.
2024-08-09 11:38:18,487 INFO:scl_log:Added theplexiepoo (1192019253671497838) to database.
2024-08-09 11:38:18,599 INFO:scl_log:Added sinovuh (878962204014149652) to database.
2024-08-09 11:38:18,726 INFO:scl_log:Added ideparts (822694783855230996) to database.
2024-08-09 11:38:18,847 INFO:scl_log:Added pushie_ (955189656755003422) to database.
2024-08-09 11:38:18,957 INFO:scl_log:Added sinniwinni. (493414850395897875) to database.
2024-08-09 11:38:19,074 INFO:scl_log:Added mizzy._ (877264353798275142) to database.
2024-08-09 11:38:19,196 INFO:scl_log:Added fetsgib (651923152347070464) to database.
2024-08-09 11:38:19,315 INFO:scl_log:Added itsadevin (1017933992852463668) to database.
2024-08-09 11:38:19,438 INFO:scl_log:Added nitsuafps (958858899547635772) to database.
2024-08-09 11:38:19,558 INFO:scl_log:Added .spishy (217711850601578498) to database.
2024-08-09 11:38:19,677 INFO:scl_log:Added chrollo666 (186994375799209985) to database.
2024-08-09 11:38:19,799 INFO:scl_log:Added biickle (925817770829033513) to database.
2024-08-09 11:38:19,904 INFO:scl_log:Added bossachron (538046126306361347) to database.
2024-08-09 11:38:20,024 INFO:scl_log:Added zylobtw. (921095234476212304) to database.
2024-08-09 11:38:20,137 INFO:scl_log:Added ryguyplayscodttv (430898721711063053) to database.
2024-08-09 11:38:20,261 INFO:scl_log:Added fxckpinxh (855885389482688552) to database.
2024-08-09 11:38:20,377 INFO:scl_log:Added crxzygrxvy (638137837065338901) to database.
2024-08-09 11:38:20,501 INFO:scl_log:Added urdad3270 (920806554796707850) to database.
2024-08-09 11:38:20,616 INFO:scl_log:Added gmanbtw (925722867033854052) to database.
2024-08-09 11:38:20,735 INFO:scl_log:Added noahtherastaa (987222956432310342) to database.
2024-08-09 11:38:20,850 INFO:scl_log:Added alex.0123 (674436778748280883) to database.
2024-08-09 11:38:20,957 INFO:scl_log:Added truly.hated (698826517945384990) to database.
2024-08-09 11:38:21,066 INFO:scl_log:Added _hybrids (474446640078651392) to database.
2024-08-09 11:38:21,197 INFO:scl_log:Added .slammie (919380626887561216) to database.
2024-08-09 11:38:21,306 INFO:scl_log:Added duckyvic (944689819248918528) to database.
2024-08-09 11:38:21,431 INFO:scl_log:Added numbprg (514336688819142660) to database.
2024-08-09 11:38:21,541 INFO:scl_log:Added drewz_0 (737543260674850846) to database.
2024-08-09 11:38:21,665 INFO:scl_log:Added thedenizen_ (372641804312510464) to database.
2024-08-09 11:38:21,790 INFO:scl_log:Added fat_an_greasy (415103922697404416) to database.
2024-08-09 11:38:21,915 INFO:scl_log:Added akai2.0 (1222694487621632053) to database.
2024-08-09 11:38:22,026 INFO:scl_log:Added beeonthetee (715265454490255360) to database.
2024-08-09 11:38:22,157 INFO:scl_log:Added acevll (573364225053818880) to database.
2024-08-09 11:38:22,278 INFO:scl_log:Added chignik (575525435119501312) to database.
2024-08-09 11:38:22,392 INFO:scl_log:Added arnoldhtx (1200129281393700917) to database.
2024-08-09 11:38:22,502 INFO:scl_log:Added gunzo27k (619944373202976808) to database.
2024-08-09 11:38:22,619 INFO:scl_log:Added guac8033 (770787733223243806) to database.
2024-08-09 11:38:22,740 INFO:scl_log:Added zoreanw (334111219936133122) to database.
2024-08-09 11:38:22,853 INFO:scl_log:Added destsoyer (914936659122995240) to database.
2024-08-09 11:38:22,968 INFO:scl_log:Added camp04 (738566665230352394) to database.
2024-08-09 11:38:23,088 INFO:scl_log:Added acainez7 (1042788461251403796) to database.
2024-08-09 11:38:23,202 INFO:scl_log:Added marv3lous2001 (396870132460290068) to database.
2024-08-09 11:38:23,319 INFO:scl_log:Added soop_szn (389990578156208128) to database.
2024-08-09 11:38:23,436 INFO:scl_log:Added baked_tohigh (677552775890075678) to database.
2024-08-09 11:38:23,569 INFO:scl_log:Added capmewtwo (1007125182093209642) to database.
2024-08-09 11:38:23,683 INFO:scl_log:Added koz5831 (574719371805458433) to database.
2024-08-09 11:38:23,807 INFO:scl_log:Added tazzy.12 (709135945517236344) to database.
2024-08-09 11:38:23,929 INFO:scl_log:Added clows6847 (759257858813591573) to database.
2024-08-09 11:38:24,043 INFO:scl_log:Added nadeshy (486628967760003085) to database.
2024-08-09 11:38:24,162 INFO:scl_log:Added risk1715 (758448261203492944) to database.
2024-08-09 11:38:24,286 INFO:scl_log:Added sluggerfps (182670694427918337) to database.
2024-08-09 11:38:24,403 INFO:scl_log:Added lleib. (939104234144686120) to database.
2024-08-09 11:38:24,522 INFO:scl_log:Added almighty9529 (761783642061275166) to database.
2024-08-09 11:38:24,631 INFO:scl_log:Added hopefullyy (1204295509494337577) to database.
2024-08-09 11:38:24,749 INFO:scl_log:Added _dallyyy (804882564786814986) to database.
2024-08-09 11:38:24,870 INFO:scl_log:Added butterf1y._ (1047690519918166016) to database.
2024-08-09 11:38:24,988 INFO:scl_log:Added tio_o3_34715 (1200668028635984024) to database.
2024-08-09 11:38:25,108 INFO:scl_log:Added ching444 (259453762442231808) to database.
2024-08-09 11:38:25,225 INFO:scl_log:Added icy1223 (865627875902619708) to database.
2024-08-09 11:38:25,327 INFO:scl_log:Added supremepulse (792075163944091658) to database.
2024-08-09 11:38:25,438 INFO:scl_log:Added flyskeez (160863480277106688) to database.
2024-08-09 11:38:25,548 INFO:scl_log:Added uno_1st (555632307390906378) to database.
2024-08-09 11:38:25,665 INFO:scl_log:Added kikitheg (676544142058192896) to database.
2024-08-09 11:38:25,788 INFO:scl_log:Added lovell1111 (530642489841942528) to database.
2024-08-09 11:38:25,902 INFO:scl_log:Added braybando (621415468309151767) to database.
2024-08-09 11:38:26,025 INFO:scl_log:Added w1ck3dj0rts (182668752930734080) to database.
2024-08-09 11:38:26,136 INFO:scl_log:Added javy05 (787088619385913345) to database.
2024-08-09 11:38:26,249 INFO:scl_log:Added mewolk (351300686224556035) to database.
2024-08-09 11:38:26,347 INFO:scl_log:Added kolby0924 (785608265765355550) to database.
2024-08-09 11:38:26,463 INFO:scl_log:Added .ceazaar (692365838141095966) to database.
2024-08-09 11:38:26,594 INFO:scl_log:Added _busterdouglas_ (1068758111432753163) to database.
2024-08-09 11:38:26,721 INFO:scl_log:Added .frozenunicorn (883535358460047360) to database.
2024-08-09 11:38:26,824 INFO:scl_log:Added loveisnotdying (235911767245455361) to database.
2024-08-09 11:38:26,954 INFO:scl_log:Added mike_dejr (596880888978210819) to database.
2024-08-09 11:38:27,079 INFO:scl_log:Added gambino3535 (1215702725652910163) to database.
2024-08-09 11:38:27,203 INFO:scl_log:Added kirbysparadisefps (1227056308608307302) to database.
2024-08-09 11:38:27,327 INFO:scl_log:Added intensitycan (270034787228450821) to database.
2024-08-09 11:38:27,448 INFO:scl_log:Added gdublm (1107960602422419526) to database.
2024-08-09 11:38:27,561 INFO:scl_log:Added .0rexzxer0. (849114885787090956) to database.
2024-08-09 11:38:27,685 INFO:scl_log:Added jackpot_plays (913922777185153085) to database.
2024-08-09 11:38:27,802 INFO:scl_log:Added imbentleyy (718974294889070656) to database.
2024-08-09 11:38:27,918 INFO:scl_log:Added hitman351 (939164571208409148) to database.
2024-08-09 11:38:28,033 INFO:scl_log:Added scoop1725 (860475835726823434) to database.
2024-08-09 11:38:28,139 INFO:scl_log:Added revii (238482497866956801) to database.
2024-08-09 11:38:28,261 INFO:scl_log:Added .spyrl. (953033975876702319) to database.
2024-08-09 11:38:28,386 INFO:scl_log:Added jujuszn (972297235847077928) to database.
2024-08-09 11:38:28,501 INFO:scl_log:Added hairy8872 (876344225946562570) to database.
2024-08-09 11:38:28,607 INFO:scl_log:Added kyer_ (514155467426234393) to database.
2024-08-09 11:38:28,720 INFO:scl_log:Added warmestmilk (496158575068971028) to database.
2024-08-09 11:38:28,836 INFO:scl_log:Added gregxclutchking (680202268577890375) to database.
2024-08-09 11:38:28,960 INFO:scl_log:Added bigvictor1397 (153047485454090240) to database.
2024-08-09 11:38:29,082 INFO:scl_log:Added opesa. (546038465192656896) to database.
2024-08-09 11:38:29,185 INFO:scl_log:Added bar1435 (903871798918119476) to database.
2024-08-09 11:38:29,316 INFO:scl_log:Added moistquackers (336960101388779521) to database.
2024-08-09 11:38:29,440 INFO:scl_log:Added ineztaylorrr (908770483636412486) to database.
2024-08-09 11:38:29,550 INFO:scl_log:Added zenitsu.420 (654871400980414484) to database.
2024-08-09 11:38:29,673 INFO:scl_log:Added 3yayi3 (1003244659130257450) to database.
2024-08-09 11:38:29,793 INFO:scl_log:Added tyl3rszn (1057137504626675742) to database.
2024-08-09 11:38:29,906 INFO:scl_log:Added kryptix10 (967668786448719922) to database.
2024-08-09 11:38:30,015 INFO:scl_log:Added itssep (513847666833358895) to database.
2024-08-09 11:38:30,146 INFO:scl_log:Added 9dvrk (716616241175068702) to database.
2024-08-09 11:38:30,266 INFO:scl_log:Added jumpingnerd (436725681641226241) to database.
2024-08-09 11:38:30,390 INFO:scl_log:Added bunzo1319 (475690241777467392) to database.
2024-08-09 11:38:30,516 INFO:scl_log:Added .quaza (370917192738537472) to database.
2024-08-09 11:38:30,649 INFO:scl_log:Added gc885 (800284645925191700) to database.
2024-08-09 11:38:30,782 INFO:scl_log:Added rocc5081 (567734387383468033) to database.
2024-08-09 11:38:30,901 INFO:scl_log:Added major_448 (1136774854226485289) to database.
2024-08-09 11:38:31,020 INFO:scl_log:Added slyth1338 (833490591065178153) to database.
2024-08-09 11:38:31,140 INFO:scl_log:Added gotmythoink (1214127687988158485) to database.
2024-08-09 11:38:31,260 INFO:scl_log:Added novalicious._. (873311306327937025) to database.
2024-08-09 11:38:31,383 INFO:scl_log:Added joeyblows (748874422797991947) to database.
2024-08-09 11:38:31,516 INFO:scl_log:Added jawayne3837 (857161998655684658) to database.
2024-08-09 11:38:31,640 INFO:scl_log:Added rawliiemp (806000976686874624) to database.
2024-08-09 11:38:31,755 INFO:scl_log:Added cap2607 (405163569697521685) to database.
2024-08-09 11:38:31,861 INFO:scl_log:Added caori3086 (928497638054199296) to database.
2024-08-09 11:38:31,984 INFO:scl_log:Added uub. (496558608352542730) to database.
2024-08-09 11:38:32,090 INFO:scl_log:Added relaxedexo (379417124080451585) to database.
2024-08-09 11:38:32,209 INFO:scl_log:Added luvvfern_ (478399021392592937) to database.
2024-08-09 11:38:32,320 INFO:scl_log:Added soccietty (470778540942426112) to database.
2024-08-09 11:38:32,433 INFO:scl_log:Added mr.memes9666 (1089705283925839894) to database.
2024-08-09 11:38:32,557 INFO:scl_log:Added imkratoz (1251551832812159077) to database.
2024-08-09 11:38:32,704 INFO:scl_log:Added delusionzz_ (885765744674107444) to database.
2024-08-09 11:38:32,815 INFO:scl_log:Added chunguus._. (750058282357358744) to database.
2024-08-09 11:38:32,923 INFO:scl_log:Added .noah_2003 (785248185458884618) to database.
2024-08-09 11:38:33,037 INFO:scl_log:Added hugol8698 (932041488790065232) to database.
2024-08-09 11:38:33,150 INFO:scl_log:Added xen0132 (993580864627810405) to database.
2024-08-09 11:38:33,266 INFO:scl_log:Added stiv3s (645630119305543691) to database.
2024-08-09 11:38:33,386 INFO:scl_log:Added jio_berry (493283716911595523) to database.
2024-08-09 11:38:33,507 INFO:scl_log:Added cuteshortycx (1017960007125438464) to database.
2024-08-09 11:38:33,609 INFO:scl_log:Added _jermaine (130030609954242560) to database.
2024-08-09 11:38:33,734 INFO:scl_log:Added benji27x (440616150704062466) to database.
2024-08-09 11:38:33,846 INFO:scl_log:Added xluckycharm (1212859792431911024) to database.
2024-08-09 11:38:33,977 INFO:scl_log:Added therealrevert (117068310473867269) to database.
2024-08-09 11:38:34,098 INFO:scl_log:Added adatvia (146405157867880449) to database.
2024-08-09 11:38:34,211 INFO:scl_log:Added tannerg1045 (1084669839634866277) to database.
2024-08-09 11:38:34,333 INFO:scl_log:Added jezzej. (816475419283947541) to database.
2024-08-09 11:38:34,455 INFO:scl_log:Added ampliifi (541144455537754114) to database.
2024-08-09 11:38:34,572 INFO:scl_log:Added ja1yms (256142408717303809) to database.
2024-08-09 11:38:34,697 INFO:scl_log:Added tugnasty_ (1241190192157560953) to database.
2024-08-09 11:38:34,813 INFO:scl_log:Added yosynn (997002809801191505) to database.
2024-08-09 11:38:34,929 INFO:scl_log:Added envyszn7 (666680001592295434) to database.
2024-08-09 11:38:35,059 INFO:scl_log:Added liqwiid (191628819948371969) to database.
2024-08-09 11:38:35,247 INFO:scl_log:Added brooksy1717 (474817270816833536) to database.
2024-08-09 11:38:35,373 INFO:scl_log:Added ogstryker1340371 (766545012811890688) to database.
2024-08-09 11:38:35,493 INFO:scl_log:Added callen5 (1176669000307068934) to database.
2024-08-09 11:38:35,608 INFO:scl_log:Added clutshyy (1180195345062445148) to database.
2024-08-09 11:38:35,734 INFO:scl_log:Added theoptics (829903200688668682) to database.
2024-08-09 11:38:35,856 INFO:scl_log:Added iinextra (276814494712332298) to database.
2024-08-09 11:38:35,976 INFO:scl_log:Added it.is.reign (637051125370978334) to database.
2024-08-09 11:38:36,086 INFO:scl_log:Added loyaltotheroyal (320016996756357122) to database.
2024-08-09 11:38:36,205 INFO:scl_log:Added paradoxab (828967785110962186) to database.
2024-08-09 11:38:36,324 INFO:scl_log:Added dylannn__ (518644093195386880) to database.
2024-08-09 11:38:36,418 INFO:scl_log:Added poizinxo (456235670411935754) to database.
2024-08-09 11:38:36,548 INFO:scl_log:Added .sm1ley. (967237557609979925) to database.
2024-08-09 11:38:36,649 INFO:scl_log:Added relicul (276148904116879360) to database.
2024-08-09 11:38:36,780 INFO:scl_log:Added mattyice7504 (595475883616239645) to database.
2024-08-09 11:38:36,894 INFO:scl_log:Added nyx060411 (1068646297504067705) to database.
2024-08-09 11:38:37,018 INFO:scl_log:Added ghost0533 (957507116992708608) to database.
2024-08-09 11:38:37,138 INFO:scl_log:Added .tragiic (317738735066284034) to database.
2024-08-09 11:38:37,257 INFO:scl_log:Added kingofwar1029 (625110714318848001) to database.
2024-08-09 11:38:37,403 INFO:scl_log:Added 877cashnow. (665103292854042634) to database.
2024-08-09 11:38:37,525 INFO:scl_log:Added kugoszn (777309226988601434) to database.
2024-08-09 11:38:37,652 INFO:scl_log:Added r6zqprmtb47172 (928275636529815572) to database.
2024-08-09 11:38:37,768 INFO:scl_log:Added h.arley (173164083292405760) to database.
2024-08-09 11:38:37,885 INFO:scl_log:Added melz3 (498555453022797824) to database.
2024-08-09 11:38:37,994 INFO:scl_log:Added fflashh (252884563066355712) to database.
2024-08-09 11:38:38,110 INFO:scl_log:Added serversideissues (131580881889394689) to database.
2024-08-09 11:38:38,224 INFO:scl_log:Added palsymh (280814471797014538) to database.
2024-08-09 11:38:38,347 INFO:scl_log:Added sunappu (263921482453745665) to database.
2024-08-09 11:38:38,468 INFO:scl_log:Added doubleg71 (1083204177846620200) to database.
2024-08-09 11:38:38,601 INFO:scl_log:Added bootsggs (261203020526780423) to database.
2024-08-09 11:38:38,734 INFO:scl_log:Added ghostgg0672 (325064089573261314) to database.
2024-08-09 11:38:38,858 INFO:scl_log:Added ogbarss (285709223491534849) to database.
2024-08-09 11:38:38,976 INFO:scl_log:Added xxtruss (692481586502828113) to database.
2024-08-09 11:38:39,089 INFO:scl_log:Added christhesquant (414175176696266752) to database.
2024-08-09 11:38:39,192 INFO:scl_log:Added _jim_jam_ (424631976339701760) to database.
2024-08-09 11:38:39,314 INFO:scl_log:Added stokely03 (853531624720957480) to database.
2024-08-09 11:38:39,434 INFO:scl_log:Added quantum117 (403404950387949570) to database.
2024-08-09 11:38:39,562 INFO:scl_log:Added yaya131 (1158169627264811210) to database.
2024-08-09 11:38:39,685 INFO:scl_log:Added swahhhlowahh (860935413400993835) to database.
2024-08-09 11:38:39,804 INFO:scl_log:Added psychotikpig (703267921392042065) to database.
2024-08-09 11:38:39,932 INFO:scl_log:Added danilo1435965 (972760406756044810) to database.
2024-08-09 11:38:40,041 INFO:scl_log:Added imbarrrr_ (713625422935359519) to database.
2024-08-09 11:38:40,162 INFO:scl_log:Added gursi1721 (1061540727185743902) to database.
2024-08-09 11:38:40,295 INFO:scl_log:Added calamitytk69 (318445491316850689) to database.
2024-08-09 11:38:40,399 INFO:scl_log:Added breezzo_ (292101497469272064) to database.
2024-08-09 11:38:40,521 INFO:scl_log:Added lolsuper (918404001849045023) to database.
2024-08-09 11:38:40,648 INFO:scl_log:Added quakos (547709353562734595) to database.
2024-08-09 11:38:40,763 INFO:scl_log:Added sevvvvvvvvvvvvvvvvvvvvvvvvvvvvvv (1091544081664065636) to database.
2024-08-09 11:38:40,885 INFO:scl_log:Added anakin72 (980002980415828060) to database.
2024-08-09 11:38:40,995 INFO:scl_log:Added chrome8177 (536357971626688513) to database.
2024-08-09 11:38:41,104 INFO:scl_log:Added imakaiii (337302609910038539) to database.
2024-08-09 11:38:41,213 INFO:scl_log:Added shirtyjoker (336668822771728384) to database.
2024-08-09 11:38:41,317 INFO:scl_log:Added ustink87 (1245578326366617694) to database.
2024-08-09 11:38:41,438 INFO:scl_log:Added itsfrxgs (396966537421914113) to database.
2024-08-09 11:38:41,548 INFO:scl_log:Added chiefzrl (597212454149423124) to database.
2024-08-09 11:38:41,670 INFO:scl_log:Added iluv_soul (634508069421973534) to database.
2024-08-09 11:38:41,797 INFO:scl_log:Added ddog2114. (1120097479334039575) to database.
2024-08-09 11:38:41,911 INFO:scl_log:Added darkdemon8872 (1001745814571454514) to database.
2024-08-09 11:38:42,028 INFO:scl_log:Added 1byss (586735008425705490) to database.
2024-08-09 11:38:42,152 INFO:scl_log:Added yljude (922280996190191618) to database.
2024-08-09 11:38:42,277 INFO:scl_log:Added diggity0545 (908417078413914164) to database.
2024-08-09 11:38:42,395 INFO:scl_log:Added cptnlevi12 (1139042068904300706) to database.
2024-08-09 11:38:42,501 INFO:scl_log:Added boosh253 (1064079588315119667) to database.
2024-08-09 11:38:42,619 INFO:scl_log:Added jtysn (918698595937558549) to database.
2024-08-09 11:38:42,748 INFO:scl_log:Added pharmaa (195712506184990720) to database.
2024-08-09 11:38:42,868 INFO:scl_log:Added beazy6969 (833407256737480724) to database.
2024-08-09 11:38:42,984 INFO:scl_log:Added debrajohnson. (250004200837087233) to database.
2024-08-09 11:38:43,105 INFO:scl_log:Added crousemissle (255847970702884866) to database.
2024-08-09 11:38:43,228 INFO:scl_log:Added codzak (997461986789031936) to database.
2024-08-09 11:38:43,346 INFO:scl_log:Added phantom3. (970547962310721606) to database.
2024-08-09 11:38:43,458 INFO:scl_log:Added cgrewal24 (756654082663514112) to database.
2024-08-09 11:38:43,584 INFO:scl_log:Added copeskin (229673039942385674) to database.
2024-08-09 11:38:43,710 INFO:scl_log:Added streetcheetah_ (339826147019980811) to database.
2024-08-09 11:38:43,829 INFO:scl_log:Added psychic6781 (985339911576121455) to database.
